<?xml version="1.0" encoding="UTF-8"?>
<testng-results ignored="0" total="1" passed="1" failed="0" skipped="0">
  <reporter-output>
  </reporter-output>
  <suite started-at="2023-06-11T18:09:38 IST" name="Default suite" finished-at="2023-06-11T18:09:51 IST" duration-ms="13100">
    <groups>
    </groups>
    <test started-at="2023-06-11T18:09:38 IST" name="Default test" finished-at="2023-06-11T18:09:51 IST" duration-ms="13100">
      <class name="Basecl.baseclass">
        <test-method is-config="true" signature="base()[pri:0, instance:Basecl.baseclass@7880cdf3]" started-at="2023-06-11T18:09:38 IST" name="base" finished-at="2023-06-11T18:09:39 IST" duration-ms="1692" status="PASS">
          <reporter-output>
          </reporter-output>
        </test-method> <!-- base -->
        <test-method is-config="true" signature="setlogin()[pri:0, instance:Basecl.baseclass@7880cdf3]" started-at="2023-06-11T18:09:39 IST" name="setlogin" finished-at="2023-06-11T18:09:48 IST" duration-ms="8808" status="PASS">
          <reporter-output>
          </reporter-output>
        </test-method> <!-- setlogin -->
        <test-method signature="base()[pri:0, instance:Basecl.baseclass@7880cdf3]" started-at="2023-06-11T18:09:48 IST" name="base" finished-at="2023-06-11T18:09:50 IST" duration-ms="1969" status="PASS">
          <reporter-output>
          </reporter-output>
        </test-method> <!-- base -->
        <test-method is-config="true" signature="closeme()[pri:0, instance:Basecl.baseclass@7880cdf3]" started-at="2023-06-11T18:09:50 IST" name="closeme" finished-at="2023-06-11T18:09:51 IST" duration-ms="573" status="PASS">
          <reporter-output>
          </reporter-output>
        </test-method> <!-- closeme -->
        <test-method is-config="true" signature="setlogout()[pri:0, instance:Basecl.baseclass@7880cdf3]" started-at="2023-06-11T18:09:50 IST" name="setlogout" finished-at="2023-06-11T18:09:50 IST" duration-ms="0" status="PASS">
          <reporter-output>
          </reporter-output>
        </test-method> <!-- setlogout -->
      </class> <!-- Basecl.baseclass -->
    </test> <!-- Default test -->
  </suite> <!-- Default suite -->
</testng-results>
