<?xml version="1.0" encoding="UTF-8"?>
<testng-results ignored="0" total="1" passed="1" failed="0" skipped="0">
  <reporter-output>
  </reporter-output>
  <suite started-at="2023-09-01T14:35:17 IST" name="Suite" finished-at="2023-09-01T14:35:17 IST" duration-ms="109">
    <groups>
    </groups>
    <test started-at="2023-09-01T14:35:17 IST" name="Test" finished-at="2023-09-01T14:35:17 IST" duration-ms="109">
      <class name="testscipt.Block1">
        <test-method signature="block1()[pri:0, instance:testscipt.Block1@1677d1]" started-at="2023-09-01T14:35:17 IST" name="block1" finished-at="2023-09-01T14:35:17 IST" duration-ms="19" status="PASS">
          <reporter-output>
          </reporter-output>
        </test-method> <!-- block1 -->
      </class> <!-- testscipt.Block1 -->
    </test> <!-- Test -->
  </suite> <!-- Suite -->
</testng-results>
