<?xml version="1.0" encoding="UTF-8"?>
<testng-results ignored="0" total="1" passed="1" failed="0" skipped="0">
  <reporter-output>
  </reporter-output>
  <suite started-at="2023-06-26T14:38:58 IST" name="Default suite" finished-at="2023-06-26T14:38:58 IST" duration-ms="94">
    <groups>
    </groups>
    <test started-at="2023-06-26T14:38:58 IST" name="Default test" finished-at="2023-06-26T14:38:58 IST" duration-ms="94">
      <class name="testscipt.Block1">
        <test-method signature="block1()[pri:0, instance:testscipt.Block1@7c469c48]" started-at="2023-06-26T14:38:58 IST" name="block1" finished-at="2023-06-26T14:38:58 IST" duration-ms="30" status="PASS">
          <reporter-output>
          </reporter-output>
        </test-method> <!-- block1 -->
      </class> <!-- testscipt.Block1 -->
    </test> <!-- Default test -->
  </suite> <!-- Default suite -->
</testng-results>
